Determining if the pthread_create exist failed with the following output:
Change Dir: /home/hanxiang/projects/texture_segmentation/Convolution-with-sparse-kernel-in-TF/CMakeFiles/CMakeTmp

Run Build Command:"/usr/bin/make" "cmTC_b1718/fast"
/usr/bin/make -f CMakeFiles/cmTC_b1718.dir/build.make CMakeFiles/cmTC_b1718.dir/build
make[1]: Entering directory '/home/hanxiang/projects/texture_segmentation/Convolution-with-sparse-kernel-in-TF/CMakeFiles/CMakeTmp'
Building C object CMakeFiles/cmTC_b1718.dir/CheckSymbolExists.c.o
/usr/bin/cc    -fPIC    -o CMakeFiles/cmTC_b1718.dir/CheckSymbolExists.c.o   -c /home/hanxiang/projects/texture_segmentation/Convolution-with-sparse-kernel-in-TF/CMakeFiles/CMakeTmp/CheckSymbolExists.c
Linking C executable cmTC_b1718
/usr/bin/cmake -E cmake_link_script CMakeFiles/cmTC_b1718.dir/link.txt --verbose=1
/usr/bin/cc  -fPIC     CMakeFiles/cmTC_b1718.dir/CheckSymbolExists.c.o  -o cmTC_b1718 
CMakeFiles/cmTC_b1718.dir/CheckSymbolExists.c.o: In function `main':
CheckSymbolExists.c:(.text+0x1b): undefined reference to `pthread_create'
collect2: error: ld returned 1 exit status
CMakeFiles/cmTC_b1718.dir/build.make:97: recipe for target 'cmTC_b1718' failed
make[1]: *** [cmTC_b1718] Error 1
make[1]: Leaving directory '/home/hanxiang/projects/texture_segmentation/Convolution-with-sparse-kernel-in-TF/CMakeFiles/CMakeTmp'
Makefile:126: recipe for target 'cmTC_b1718/fast' failed
make: *** [cmTC_b1718/fast] Error 2

File /home/hanxiang/projects/texture_segmentation/Convolution-with-sparse-kernel-in-TF/CMakeFiles/CMakeTmp/CheckSymbolExists.c:
/* */
#include <pthread.h>

int main(int argc, char** argv)
{
  (void)argv;
#ifndef pthread_create
  return ((int*)(&pthread_create))[argc];
#else
  (void)argc;
  return 0;
#endif
}

Determining if the function pthread_create exists in the pthreads failed with the following output:
Change Dir: /home/hanxiang/projects/texture_segmentation/Convolution-with-sparse-kernel-in-TF/CMakeFiles/CMakeTmp

Run Build Command:"/usr/bin/make" "cmTC_23178/fast"
/usr/bin/make -f CMakeFiles/cmTC_23178.dir/build.make CMakeFiles/cmTC_23178.dir/build
make[1]: Entering directory '/home/hanxiang/projects/texture_segmentation/Convolution-with-sparse-kernel-in-TF/CMakeFiles/CMakeTmp'
Building C object CMakeFiles/cmTC_23178.dir/CheckFunctionExists.c.o
/usr/bin/cc    -fPIC -DCHECK_FUNCTION_EXISTS=pthread_create   -o CMakeFiles/cmTC_23178.dir/CheckFunctionExists.c.o   -c /usr/share/cmake-3.5/Modules/CheckFunctionExists.c
Linking C executable cmTC_23178
/usr/bin/cmake -E cmake_link_script CMakeFiles/cmTC_23178.dir/link.txt --verbose=1
/usr/bin/cc  -fPIC -DCHECK_FUNCTION_EXISTS=pthread_create    CMakeFiles/cmTC_23178.dir/CheckFunctionExists.c.o  -o cmTC_23178 -lpthreads 
/usr/bin/ld: cannot find -lpthreads
collect2: error: ld returned 1 exit status
CMakeFiles/cmTC_23178.dir/build.make:97: recipe for target 'cmTC_23178' failed
make[1]: *** [cmTC_23178] Error 1
make[1]: Leaving directory '/home/hanxiang/projects/texture_segmentation/Convolution-with-sparse-kernel-in-TF/CMakeFiles/CMakeTmp'
Makefile:126: recipe for target 'cmTC_23178/fast' failed
make: *** [cmTC_23178/fast] Error 2


